<?xml version="1.0" encoding="UTF-8"?>
<!-- Generated by org.testng.reporters.JUnitReportReporter -->
<testsuite skipped="0" hostname="am-pc" name="com.test.JenkinsProject.GitProject" tests="1" failures="0" timestamp="11 Sep 2017 19:22:25 GMT" time="0.010" errors="0">
  <testcase name="f" time="0.010" classname="com.test.JenkinsProject.GitProject"/>
</testsuite> <!-- com.test.JenkinsProject.GitProject -->
