<?xml version="1.0" encoding="UTF-8"?>
<!-- Generated by org.testng.reporters.JUnitReportReporter -->
<testsuite skipped="0" hostname="am-pc" name="com.test.JenkinsProject.GitProject" tests="1" failures="0" timestamp="14 Sep 2017 02:34:08 GMT" time="0.015" errors="0">
  <testcase name="f" time="0.015" classname="com.test.JenkinsProject.GitProject"/>
</testsuite> <!-- com.test.JenkinsProject.GitProject -->
