<?xml version="1.0" encoding="UTF-8"?>
<!-- Generated by org.testng.reporters.JUnitReportReporter -->
<testsuite skipped="0" hostname="am-pc" name="com.test.JenkinsProject.GitProject" tests="1" failures="0" timestamp="14 Sep 2017 03:00:45 GMT" time="3.283" errors="0">
  <testcase name="f" time="3.283" classname="com.test.JenkinsProject.GitProject"/>
</testsuite> <!-- com.test.JenkinsProject.GitProject -->
